<?xml version="1.0" encoding="UTF-8"?>
<testsuite name="RationalTest" tests="7" skipped="0" failures="0" errors="0" timestamp="2021-09-06T15:43:23" hostname="DESKTOP-D26H5HC" time="0.026">
  <properties/>
  <testcase name="testAdd" classname="RationalTest" time="0.025"/>
  <testcase name="testSubtract" classname="RationalTest" time="0.0"/>
  <testcase name="TestDivide" classname="RationalTest" time="0.0"/>
  <testcase name="TestEquals" classname="RationalTest" time="0.0"/>
  <testcase name="TestToString" classname="RationalTest" time="0.001"/>
  <testcase name="TestCompareTo" classname="RationalTest" time="0.0"/>
  <testcase name="TestMultiply" classname="RationalTest" time="0.0"/>
  <system-out><![CDATA[]]></system-out>
  <system-err><![CDATA[]]></system-err>
</testsuite>
